<?xml version="1.0" encoding="UTF-8"?>
<!-- Generated by org.testng.reporters.JUnitReportReporter -->
<testsuite hostname="t430s" name="com.yixun.ccmz.service.AccountServiceTest" tests="1" failures="0" timestamp="27 Apr 2018 09:51:43 GMT" time="0.433" errors="0">
  <testcase name="testValidateUser" time="0.433" classname="com.yixun.ccmz.service.AccountServiceTest"/>
</testsuite> <!-- com.yixun.ccmz.service.AccountServiceTest -->
