<?xml version="1.0" encoding="UTF-8"?>
<!-- Generated by org.testng.reporters.JUnitReportReporter -->
<testsuite hostname="t430s" name="com.yixun.ccmz.dao.LimitAndOffsetTest" tests="1" failures="0" timestamp="24 Jul 2018 07:57:30 GMT" time="39.025" errors="0">
  <testcase name="testLimitandOffset" time="39.025" classname="com.yixun.ccmz.dao.LimitAndOffsetTest"/>
</testsuite> <!-- com.yixun.ccmz.dao.LimitAndOffsetTest -->
