<?xml version="1.0" encoding="UTF-8"?>
<!-- Generated by org.testng.reporters.JUnitReportReporter -->
<testsuite hostname="t430s" name="com.yixun.ccmz.service.AccountServiceTest" tests="1" failures="0" timestamp="10 Jul 2018 02:49:04 GMT" time="98.449" errors="0">
  <testcase name="testMapper" time="98.449" classname="com.yixun.ccmz.service.AccountServiceTest"/>
</testsuite> <!-- com.yixun.ccmz.service.AccountServiceTest -->
