<?xml version="1.0" encoding="UTF-8"?>
<!-- Generated by org.testng.reporters.JUnitReportReporter -->
<testsuite hostname="t430s" name="com.yixun.ccmz.dao.MyBatisDynamicSQLTest" tests="1" failures="0" timestamp="25 Jul 2018 07:42:50 GMT" time="5.724" errors="0">
  <testcase name="testJoin" time="5.724" classname="com.yixun.ccmz.dao.MyBatisDynamicSQLTest"/>
</testsuite> <!-- com.yixun.ccmz.dao.MyBatisDynamicSQLTest -->
